Using pre-set license
Built from '2022.3/staging' branch; Version is '2022.3.41f1 (0f988161febf) revision 1022081'; Using compiler version '192829333'; Build Type 'Release'
OS: 'Windows 11  (10.0.22631) 64bit Core' Language: 'en' Physical Memory: 32693 MB
BatchMode: 1, IsHumanControllingUs: 0, StartBugReporterOnCrash: 0, Is64bit: 1, IsPro: 1

COMMAND LINE ARGUMENTS:
D:\Programs\Unity\2022.3.41f1\Editor\Unity.exe
-adb2
-batchMode
-noUpm
-name
AssetImportWorker11
-projectPath
D:/COMPStuff/Playtest/Sails-to-Sales
-logFile
Logs/AssetImportWorker11.log
-srvPort
6755
Successfully changed project path to: D:/COMPStuff/Playtest/Sails-to-Sales
D:/COMPStuff/Playtest/Sails-to-Sales
[UnityMemory] Configuration Parameters - Can be set up in boot.config
    "memorysetup-bucket-allocator-granularity=16"
    "memorysetup-bucket-allocator-bucket-count=8"
    "memorysetup-bucket-allocator-block-size=33554432"
    "memorysetup-bucket-allocator-block-count=8"
    "memorysetup-main-allocator-block-size=16777216"
    "memorysetup-thread-allocator-block-size=16777216"
    "memorysetup-gfx-main-allocator-block-size=16777216"
    "memorysetup-gfx-thread-allocator-block-size=16777216"
    "memorysetup-cache-allocator-block-size=4194304"
    "memorysetup-typetree-allocator-block-size=2097152"
    "memorysetup-profiler-bucket-allocator-granularity=16"
    "memorysetup-profiler-bucket-allocator-bucket-count=8"
    "memorysetup-profiler-bucket-allocator-block-size=33554432"
    "memorysetup-profiler-bucket-allocator-block-count=8"
    "memorysetup-profiler-allocator-block-size=16777216"
    "memorysetup-profiler-editor-allocator-block-size=1048576"
    "memorysetup-temp-allocator-size-main=16777216"
    "memorysetup-job-temp-allocator-block-size=2097152"
    "memorysetup-job-temp-allocator-block-size-background=1048576"
    "memorysetup-job-temp-allocator-reduction-small-platforms=262144"
    "memorysetup-allocator-temp-initial-block-size-main=262144"
    "memorysetup-allocator-temp-initial-block-size-worker=262144"
    "memorysetup-temp-allocator-size-background-worker=32768"
    "memorysetup-temp-allocator-size-job-worker=262144"
    "memorysetup-temp-allocator-size-preload-manager=33554432"
    "memorysetup-temp-allocator-size-nav-mesh-worker=65536"
    "memorysetup-temp-allocator-size-audio-worker=65536"
    "memorysetup-temp-allocator-size-cloud-worker=32768"
    "memorysetup-temp-allocator-size-gi-baking-worker=262144"
    "memorysetup-temp-allocator-size-gfx=262144"
Player connection [91212]  Target information:

Player connection [91212]  * "[IP] 192.168.0.2 [Port] 0 [Flags] 2 [Guid] 2138985765 [EditorId] 2138985765 [Version] 1048832 [Id] WindowsEditor(7,DESKTOP-MQA49KV) [Debug] 1 [PackageName] WindowsEditor [ProjectName] Editor" 

Player connection [91212] Host joined multi-casting on [225.0.0.222:54997]...
Player connection [91212] Host joined alternative multi-casting on [225.0.0.222:34997]...
[PhysX] Initialized MultithreadedTaskDispatcher with 24 workers.
Refreshing native plugins compatible for Editor in 10.63 ms, found 5 plugins.
Preloading 0 native plugins for Editor in 0.00 ms.
Initialize engine version: 2022.3.41f1 (0f988161febf)
[Subsystems] Discovering subsystems at path D:/Programs/Unity/2022.3.41f1/Editor/Data/Resources/UnitySubsystems
[Subsystems] Discovering subsystems at path D:/COMPStuff/Playtest/Sails-to-Sales/Assets
GfxDevice: creating device client; threaded=0; jobified=0
Direct3D:
    Version:  Direct3D 11.0 [level 11.1]
    Renderer: NVIDIA GeForce RTX 3070 (ID=0x2484)
    Vendor:   NVIDIA
    VRAM:     8018 MB
    Driver:   32.0.15.6081
Initialize mono
Mono path[0] = 'D:/Programs/Unity/2022.3.41f1/Editor/Data/Managed'
Mono path[1] = 'D:/Programs/Unity/2022.3.41f1/Editor/Data/MonoBleedingEdge/lib/mono/unityjit-win32'
Mono config path = 'D:/Programs/Unity/2022.3.41f1/Editor/Data/MonoBleedingEdge/etc'
Using monoOptions --debugger-agent=transport=dt_socket,embedding=1,server=y,suspend=n,address=127.0.0.1:56208
Begin MonoManager ReloadAssembly
Registering precompiled unity dll's ...
Register platform support module: D:/Programs/Unity/2022.3.41f1/Editor/Data/PlaybackEngines/WebGLSupport/UnityEditor.WebGL.Extensions.dll
Register platform support module: D:/Programs/Unity/2022.3.41f1/Editor/Data/PlaybackEngines/WindowsStandaloneSupport/UnityEditor.WindowsStandalone.Extensions.dll
Registered in 0.004703 seconds.
- Loaded All Assemblies, in  0.699 seconds
Native extension for WindowsStandalone target not found
Native extension for WebGL target not found
Mono: successfully reloaded assembly
- Finished resetting the current domain, in  0.309 seconds
Domain Reload Profiling: 1008ms
	BeginReloadAssembly (312ms)
		ExecutionOrderSort (0ms)
		DisableScriptedObjects (0ms)
		BackupInstance (0ms)
		ReleaseScriptingObjects (0ms)
		CreateAndSetChildDomain (1ms)
	RebuildCommonClasses (68ms)
	RebuildNativeTypeToScriptingClass (16ms)
	initialDomainReloadingComplete (59ms)
	LoadAllAssembliesAndSetupDomain (244ms)
		LoadAssemblies (314ms)
		RebuildTransferFunctionScriptingTraits (0ms)
		AnalyzeDomain (239ms)
			TypeCache.Refresh (237ms)
				TypeCache.ScanAssembly (219ms)
			ScanForSourceGeneratedMonoScriptInfo (0ms)
			ResolveRequiredComponents (1ms)
	FinalizeReload (309ms)
		ReleaseScriptCaches (0ms)
		RebuildScriptCaches (0ms)
		SetupLoadedEditorAssemblies (256ms)
			LogAssemblyErrors (0ms)
			InitializePlatformSupportModulesInManaged (8ms)
			SetLoadedEditorAssemblies (5ms)
			RefreshPlugins (0ms)
			BeforeProcessingInitializeOnLoad (2ms)
			ProcessInitializeOnLoadAttributes (173ms)
			ProcessInitializeOnLoadMethodAttributes (68ms)
			AfterProcessingInitializeOnLoad (0ms)
			EditorAssembliesLoaded (0ms)
		ExecutionOrderSort2 (0ms)
		AwakeInstancesAfterBackupRestoration (0ms)
========================================================================
Worker process is ready to serve import requests
Caller must complete domain reload
Begin MonoManager ReloadAssembly
- Loaded All Assemblies, in  0.744 seconds
Native extension for WindowsStandalone target not found
Native extension for WebGL target not found
Package Manager log level set to [2]
[Package Manager] Server::EnsureServerProcessIsRunning -- launch failed, reason: Unity was launched with the -noUpm command-line argument
[Package Manager] UpmClient::Send -- Unable to send message (not connected to UPM process).
[Package Manager] Cannot connect to Unity Package Manager local server
Mono: successfully reloaded assembly
- Finished resetting the current domain, in  0.705 seconds
Domain Reload Profiling: 1450ms
	BeginReloadAssembly (200ms)
		ExecutionOrderSort (0ms)
		DisableScriptedObjects (5ms)
		BackupInstance (0ms)
		ReleaseScriptingObjects (0ms)
		CreateAndSetChildDomain (26ms)
	RebuildCommonClasses (40ms)
	RebuildNativeTypeToScriptingClass (13ms)
	initialDomainReloadingComplete (42ms)
	LoadAllAssembliesAndSetupDomain (449ms)
		LoadAssemblies (378ms)
		RebuildTransferFunctionScriptingTraits (0ms)
		AnalyzeDomain (206ms)
			TypeCache.Refresh (178ms)
				TypeCache.ScanAssembly (163ms)
			ScanForSourceGeneratedMonoScriptInfo (17ms)
			ResolveRequiredComponents (8ms)
	FinalizeReload (706ms)
		ReleaseScriptCaches (0ms)
		RebuildScriptCaches (0ms)
		SetupLoadedEditorAssemblies (565ms)
			LogAssemblyErrors (0ms)
			InitializePlatformSupportModulesInManaged (5ms)
			SetLoadedEditorAssemblies (3ms)
			RefreshPlugins (0ms)
			BeforeProcessingInitializeOnLoad (49ms)
			ProcessInitializeOnLoadAttributes (485ms)
			ProcessInitializeOnLoadMethodAttributes (21ms)
			AfterProcessingInitializeOnLoad (2ms)
			EditorAssembliesLoaded (0ms)
		ExecutionOrderSort2 (0ms)
		AwakeInstancesAfterBackupRestoration (6ms)
Failed to load shader (instanceID 438, GUID 16516895e8a79bf49a6562c3c3b84cbf)
Launched and connected shader compiler UnityShaderCompiler.exe after 0.07 seconds
Refreshing native plugins compatible for Editor in 4.01 ms, found 5 plugins.
Preloading 0 native plugins for Editor in 0.00 ms.
Unloading 3167 Unused Serialized files (Serialized files now loaded: 0)
Unloading 20 unused Assets / (55.0 KB). Loaded Objects now: 3635.
Memory consumption went from 126.1 MB to 126.0 MB.
Total: 3.927700 ms (FindLiveObjects: 0.376600 ms CreateObjectMapping: 0.095600 ms MarkObjects: 3.322200 ms  DeleteObjects: 0.131700 ms)

AssetImportParameters requested are different than current active one (requested -> active):
  custom:container-demuxer-ogg: 62fdf1f143b41e24485cea50d1cbac27 -> 
  custom:scripting/monoscript/fileName/IslandTrigger.cs: 9fe511e697ec51f557d4eb0e93aee3f7 -> c0db5b0d6de8b9282e71c84cdc1e125d
  custom:scripting/monoscript/fileName/GeneratePlane.cs: 54b0667be7f5169250048917380e57c8 -> 02734e476bfabc22a776af7c0e2dd2b3
  custom:scripting/monoscript/fileName/MonkeyController.cs: 8ceb121568d5ff39f0903d7cffa6b580 -> 
  custom:video-codec-MediaFoundation-h265: 746d11721c4dcdbdad8f713fa42b33f4 -> 
  custom:scripting/monoscript/fileName/ResourceManager.cs: f7339a673bbcbec696b2ca4255f14e89 -> 276d978ad18a8ddc8097f1c2dfc9a801
  custom:video-decoder-ogg-theora: a1e56fd34408186e4bbccfd4996cb3dc -> 
  custom:framework-win-MediaFoundation: 216162199b28c13a410421893ffa2e32 -> 
  custom:scripting/monoscript/fileName/Food.cs: 63cfd1331dc4d79af79a63aa721c7ba3 -> 1c995352f14a39daf415280a2fb9ac41
  custom:scripting/monoscript/fileName/Light_Fader.cs: 5ccd368305bc27d6e71439d6cb9738ab -> 
  custom:scripting/monoscript/fileName/LowPolyWater.cs: 1f89e58618ecefb63d14d008006b5b61 -> ffc71ec08f6917cf4aa5eaa4b3ada4e7
  custom:scripting/monoscript/fileName/FoodSpawnManager.cs: 4b4c276e353ecf242c8b6a17fe34fb04 -> f8cacff8d87d3c8a8541d8231b861b30
  custom:scripting/monoscript/fileName/GameOverUI.cs: d1ec86c37abccebf11226d792f522b3c -> 204dcc333de1c17b944f34fa4337dc40
  custom:CustomObjectIndexerAttribute: 9a22284fe3817be447336de3de66b15e -> 
  custom:scripting/monoscript/fileName/ShopTrigger.cs: 3e1d9f52b3992d40c749f5557499527a -> 7fc8dd6b935e60732d91b95242830fcf
  custom:scripting/monoscript/fileName/DemoScript.cs: 51d358bb47aa634f6ea31fa78b12f157 -> a54b372f3f1a99bd84bb5176830b3859
  custom:container-demuxer-webm: 4f35f7cbe854078d1ac9338744f61a02 -> 
  custom:scripting/monoscript/fileName/ShipController.cs: 7c2e474d900e5a9fc103c909d0aad6d6 -> 31d94b7844fa2d8546e0c89375a96a8a
  custom:scripting/monoscript/fileName/DetectCollisions.cs: eb342e8e0bb394fa52f8be56c62dfe0b -> 
  custom:scripting/monoscript/fileName/SnakeController.cs: db092ad556dc7aa3edb49567af6708ce -> bba58bf264c3aea38476c7ab4435b264
  custom:scripting/monoscript/fileName/QuotaManager.cs: bc437f4a3ffec3b297c680d75ec246aa -> 4add3e733c4b01188bb9af3472ce2929
  custom:scripting/monoscript/fileName/PlayAudio.cs: 37679228bc3b1e581f65f4ee8e336936 -> 26d2f0b0d103300b536e7c05faf52e73
  custom:scripting/monoscript/fileName/PlayNowButton.cs: 94b84ce5de54e0f805ae85b2f7036c0c -> 82650212eef756784afd1b30cb6bafc7
  custom:container-muxer-webm: aa71ff27fc2769a1b78a27578f13a17b -> 
  custom:video-decoder-webm-vp8: 9c59270c3fd7afecdb556c50c9e8de78 -> 
  custom:scripting/monoscript/fileName/FollowShip.cs: c265513ed03c090677e0755dfee189a7 -> e19132c6c4ed086055ca9f1dd4d5b679
  custom:scripting/monoscript/fileName/ShopLogic.cs: 6f59e1e1a102119cf507c2e16ba527bf -> 0a55194a84c57a9856a88a87da7edd3c
  custom:SearchIndexIgnoredProperties: e643bd26f0fe6173181afceb89e7c659 -> 
  custom:AudioImporter_EditorPlatform: d09bf68614088b80899f8185d706f6e7 -> 
  custom:scripting/monoscript/fileName/TimerScript.cs: dedd7936fe5c52254d74b274887b18f4 -> 
  custom:scripting/monoscript/fileName/MinigameLeave.cs: 82514fd2b337b0a25b19c38fa01f118d -> f036759b4069f26dd0e4ac516580b136
  custom:video-encoder-webm-vp8: eb34c28f22e8b96e1ab97ce403110664 -> 
  custom:audio-decoder-ogg-vorbis: bf7c407c2cedff20999df2af8eb42d56 -> 
  custom:audio-encoder-webm-vorbis: bf7c407c2cedff20999df2af8eb42d56 -> 
  custom:scripting/monoscript/fileName/ScoreManager.cs: 8bf37ad2a0e5ee64fa29f25e7049ed24 -> 2117df56b7ba23abd331d761e713022a
  custom:scripting/monoscript/fileName/PlayerIslandCollision.cs: 0dc297039b5257d98ea49e9c08d613a6 -> b865b0c01cbc489022b583e0039dac6b
  custom:scripting/monoscript/fileName/BackButton.cs: 5045ddd7855007166b45e6ec36b7e64f -> 
========================================================================
Received Prepare
Caller must complete domain reload
Begin MonoManager ReloadAssembly
- Loaded All Assemblies, in  0.644 seconds
Native extension for WindowsStandalone target not found
Native extension for WebGL target not found
[Package Manager] Server::EnsureServerProcessIsRunning -- launch failed, reason: Unity was launched with the -noUpm command-line argument
[Package Manager] UpmClient::Send -- Unable to send message (not connected to UPM process).
[Package Manager] Cannot connect to Unity Package Manager local server
Mono: successfully reloaded assembly
- Finished resetting the current domain, in  1.194 seconds
Domain Reload Profiling: 1839ms
	BeginReloadAssembly (299ms)
		ExecutionOrderSort (0ms)
		DisableScriptedObjects (5ms)
		BackupInstance (0ms)
		ReleaseScriptingObjects (0ms)
		CreateAndSetChildDomain (46ms)
	RebuildCommonClasses (39ms)
	RebuildNativeTypeToScriptingClass (13ms)
	initialDomainReloadingComplete (30ms)
	LoadAllAssembliesAndSetupDomain (262ms)
		LoadAssemblies (454ms)
		RebuildTransferFunctionScriptingTraits (0ms)
		AnalyzeDomain (24ms)
			TypeCache.Refresh (10ms)
				TypeCache.ScanAssembly (0ms)
			ScanForSourceGeneratedMonoScriptInfo (0ms)
			ResolveRequiredComponents (10ms)
	FinalizeReload (1195ms)
		ReleaseScriptCaches (0ms)
		RebuildScriptCaches (0ms)
		SetupLoadedEditorAssemblies (584ms)
			LogAssemblyErrors (0ms)
			InitializePlatformSupportModulesInManaged (7ms)
			SetLoadedEditorAssemblies (6ms)
			RefreshPlugins (0ms)
			BeforeProcessingInitializeOnLoad (63ms)
			ProcessInitializeOnLoadAttributes (485ms)
			ProcessInitializeOnLoadMethodAttributes (21ms)
			AfterProcessingInitializeOnLoad (3ms)
			EditorAssembliesLoaded (0ms)
		ExecutionOrderSort2 (0ms)
		AwakeInstancesAfterBackupRestoration (6ms)
Failed to load shader (instanceID 438, GUID 16516895e8a79bf49a6562c3c3b84cbf)
Refreshing native plugins compatible for Editor in 5.78 ms, found 5 plugins.
Preloading 0 native plugins for Editor in 0.00 ms.
Unloading 3146 Unused Serialized files (Serialized files now loaded: 0)
Unloading 15 unused Assets / (29.0 KB). Loaded Objects now: 3638.
Memory consumption went from 121.9 MB to 121.9 MB.
Total: 6.598200 ms (FindLiveObjects: 0.828700 ms CreateObjectMapping: 0.133000 ms MarkObjects: 5.532200 ms  DeleteObjects: 0.102900 ms)

Prepare: number of updated asset objects reloaded= 0
AssetImportParameters requested are different than current active one (requested -> active):
  custom:container-demuxer-ogg: 62fdf1f143b41e24485cea50d1cbac27 -> 
  custom:scripting/monoscript/fileName/IslandTrigger.cs: 9fe511e697ec51f557d4eb0e93aee3f7 -> c0db5b0d6de8b9282e71c84cdc1e125d
  custom:scripting/monoscript/fileName/GeneratePlane.cs: 54b0667be7f5169250048917380e57c8 -> 02734e476bfabc22a776af7c0e2dd2b3
  custom:scripting/monoscript/fileName/MonkeyController.cs: 8ceb121568d5ff39f0903d7cffa6b580 -> 
  custom:video-codec-MediaFoundation-h265: 746d11721c4dcdbdad8f713fa42b33f4 -> 
  custom:scripting/monoscript/fileName/ResourceManager.cs: f7339a673bbcbec696b2ca4255f14e89 -> 276d978ad18a8ddc8097f1c2dfc9a801
  custom:video-decoder-ogg-theora: a1e56fd34408186e4bbccfd4996cb3dc -> 
  custom:framework-win-MediaFoundation: 216162199b28c13a410421893ffa2e32 -> 
  custom:scripting/monoscript/fileName/Food.cs: 63cfd1331dc4d79af79a63aa721c7ba3 -> 1c995352f14a39daf415280a2fb9ac41
  custom:scripting/monoscript/fileName/Light_Fader.cs: 5ccd368305bc27d6e71439d6cb9738ab -> 
  custom:scripting/monoscript/fileName/LowPolyWater.cs: 1f89e58618ecefb63d14d008006b5b61 -> ffc71ec08f6917cf4aa5eaa4b3ada4e7
  custom:scripting/monoscript/fileName/FoodSpawnManager.cs: 4b4c276e353ecf242c8b6a17fe34fb04 -> f8cacff8d87d3c8a8541d8231b861b30
  custom:scripting/monoscript/fileName/GameOverUI.cs: d1ec86c37abccebf11226d792f522b3c -> 204dcc333de1c17b944f34fa4337dc40
  custom:CustomObjectIndexerAttribute: 9a22284fe3817be447336de3de66b15e -> 
  custom:scripting/monoscript/fileName/ShopTrigger.cs: 3e1d9f52b3992d40c749f5557499527a -> 7fc8dd6b935e60732d91b95242830fcf
  custom:scripting/monoscript/fileName/DemoScript.cs: 51d358bb47aa634f6ea31fa78b12f157 -> a54b372f3f1a99bd84bb5176830b3859
  custom:container-demuxer-webm: 4f35f7cbe854078d1ac9338744f61a02 -> 
  custom:scripting/monoscript/fileName/ShipController.cs: 7c2e474d900e5a9fc103c909d0aad6d6 -> 31d94b7844fa2d8546e0c89375a96a8a
  custom:scripting/monoscript/fileName/DetectCollisions.cs: eb342e8e0bb394fa52f8be56c62dfe0b -> 
  custom:scripting/monoscript/fileName/SnakeController.cs: db092ad556dc7aa3edb49567af6708ce -> bba58bf264c3aea38476c7ab4435b264
  custom:scripting/monoscript/fileName/QuotaManager.cs: bc437f4a3ffec3b297c680d75ec246aa -> 4add3e733c4b01188bb9af3472ce2929
  custom:scripting/monoscript/fileName/PlayAudio.cs: 37679228bc3b1e581f65f4ee8e336936 -> 26d2f0b0d103300b536e7c05faf52e73
  custom:scripting/monoscript/fileName/PlayNowButton.cs: 94b84ce5de54e0f805ae85b2f7036c0c -> 82650212eef756784afd1b30cb6bafc7
  custom:container-muxer-webm: aa71ff27fc2769a1b78a27578f13a17b -> 
  custom:video-decoder-webm-vp8: 9c59270c3fd7afecdb556c50c9e8de78 -> 
  custom:scripting/monoscript/fileName/FollowShip.cs: c265513ed03c090677e0755dfee189a7 -> e19132c6c4ed086055ca9f1dd4d5b679
  custom:scripting/monoscript/fileName/ShopLogic.cs: 6f59e1e1a102119cf507c2e16ba527bf -> 0a55194a84c57a9856a88a87da7edd3c
  custom:SearchIndexIgnoredProperties: e643bd26f0fe6173181afceb89e7c659 -> 
  custom:AudioImporter_EditorPlatform: d09bf68614088b80899f8185d706f6e7 -> 
  custom:scripting/monoscript/fileName/TimerScript.cs: dedd7936fe5c52254d74b274887b18f4 -> 
  custom:scripting/monoscript/fileName/MinigameLeave.cs: 82514fd2b337b0a25b19c38fa01f118d -> f036759b4069f26dd0e4ac516580b136
  custom:video-encoder-webm-vp8: eb34c28f22e8b96e1ab97ce403110664 -> 
  custom:audio-decoder-ogg-vorbis: bf7c407c2cedff20999df2af8eb42d56 -> 
  custom:audio-encoder-webm-vorbis: bf7c407c2cedff20999df2af8eb42d56 -> 
  custom:scripting/monoscript/fileName/ScoreManager.cs: 8bf37ad2a0e5ee64fa29f25e7049ed24 -> 2117df56b7ba23abd331d761e713022a
  custom:scripting/monoscript/fileName/PlayerIslandCollision.cs: 0dc297039b5257d98ea49e9c08d613a6 -> b865b0c01cbc489022b583e0039dac6b
  custom:scripting/monoscript/fileName/BackButton.cs: 5045ddd7855007166b45e6ec36b7e64f -> 
========================================================================
Received Prepare
Caller must complete domain reload
Begin MonoManager ReloadAssembly
- Loaded All Assemblies, in  0.588 seconds
Native extension for WindowsStandalone target not found
Native extension for WebGL target not found
[Package Manager] Server::EnsureServerProcessIsRunning -- launch failed, reason: Unity was launched with the -noUpm command-line argument
[Package Manager] UpmClient::Send -- Unable to send message (not connected to UPM process).
[Package Manager] Cannot connect to Unity Package Manager local server
Mono: successfully reloaded assembly
- Finished resetting the current domain, in  1.211 seconds
Domain Reload Profiling: 1799ms
	BeginReloadAssembly (272ms)
		ExecutionOrderSort (0ms)
		DisableScriptedObjects (7ms)
		BackupInstance (0ms)
		ReleaseScriptingObjects (0ms)
		CreateAndSetChildDomain (39ms)
	RebuildCommonClasses (34ms)
	RebuildNativeTypeToScriptingClass (12ms)
	initialDomainReloadingComplete (26ms)
	LoadAllAssembliesAndSetupDomain (245ms)
		LoadAssemblies (423ms)
		RebuildTransferFunctionScriptingTraits (0ms)
		AnalyzeDomain (17ms)
			TypeCache.Refresh (9ms)
				TypeCache.ScanAssembly (0ms)
			ScanForSourceGeneratedMonoScriptInfo (0ms)
			ResolveRequiredComponents (6ms)
	FinalizeReload (1211ms)
		ReleaseScriptCaches (0ms)
		RebuildScriptCaches (0ms)
		SetupLoadedEditorAssemblies (630ms)
			LogAssemblyErrors (0ms)
			InitializePlatformSupportModulesInManaged (7ms)
			SetLoadedEditorAssemblies (6ms)
			RefreshPlugins (0ms)
			BeforeProcessingInitializeOnLoad (59ms)
			ProcessInitializeOnLoadAttributes (531ms)
			ProcessInitializeOnLoadMethodAttributes (23ms)
			AfterProcessingInitializeOnLoad (3ms)
			EditorAssembliesLoaded (0ms)
		ExecutionOrderSort2 (0ms)
		AwakeInstancesAfterBackupRestoration (8ms)
Failed to load shader (instanceID 438, GUID 16516895e8a79bf49a6562c3c3b84cbf)
Refreshing native plugins compatible for Editor in 6.20 ms, found 5 plugins.
Preloading 0 native plugins for Editor in 0.00 ms.
Unloading 3146 Unused Serialized files (Serialized files now loaded: 0)
Unloading 15 unused Assets / (29.0 KB). Loaded Objects now: 3641.
Memory consumption went from 121.9 MB to 121.9 MB.
Total: 6.858100 ms (FindLiveObjects: 0.610200 ms CreateObjectMapping: 0.113800 ms MarkObjects: 6.044400 ms  DeleteObjects: 0.087900 ms)

Prepare: number of updated asset objects reloaded= 0
AssetImportParameters requested are different than current active one (requested -> active):
  custom:container-demuxer-ogg: 62fdf1f143b41e24485cea50d1cbac27 -> 
  custom:scripting/monoscript/fileName/IslandTrigger.cs: 9fe511e697ec51f557d4eb0e93aee3f7 -> c0db5b0d6de8b9282e71c84cdc1e125d
  custom:scripting/monoscript/fileName/GeneratePlane.cs: 54b0667be7f5169250048917380e57c8 -> 02734e476bfabc22a776af7c0e2dd2b3
  custom:scripting/monoscript/fileName/MonkeyController.cs: 8ceb121568d5ff39f0903d7cffa6b580 -> 
  custom:video-codec-MediaFoundation-h265: 746d11721c4dcdbdad8f713fa42b33f4 -> 
  custom:scripting/monoscript/fileName/ResourceManager.cs: f7339a673bbcbec696b2ca4255f14e89 -> 276d978ad18a8ddc8097f1c2dfc9a801
  custom:video-decoder-ogg-theora: a1e56fd34408186e4bbccfd4996cb3dc -> 
  custom:framework-win-MediaFoundation: 216162199b28c13a410421893ffa2e32 -> 
  custom:scripting/monoscript/fileName/Food.cs: 63cfd1331dc4d79af79a63aa721c7ba3 -> 1c995352f14a39daf415280a2fb9ac41
  custom:scripting/monoscript/fileName/Light_Fader.cs: 5ccd368305bc27d6e71439d6cb9738ab -> 
  custom:scripting/monoscript/fileName/LowPolyWater.cs: 1f89e58618ecefb63d14d008006b5b61 -> ffc71ec08f6917cf4aa5eaa4b3ada4e7
  custom:scripting/monoscript/fileName/FoodSpawnManager.cs: 4b4c276e353ecf242c8b6a17fe34fb04 -> f8cacff8d87d3c8a8541d8231b861b30
  custom:scripting/monoscript/fileName/GameOverUI.cs: d1ec86c37abccebf11226d792f522b3c -> 204dcc333de1c17b944f34fa4337dc40
  custom:CustomObjectIndexerAttribute: 9a22284fe3817be447336de3de66b15e -> 
  custom:scripting/monoscript/fileName/ShopTrigger.cs: 3e1d9f52b3992d40c749f5557499527a -> 7fc8dd6b935e60732d91b95242830fcf
  custom:scripting/monoscript/fileName/DemoScript.cs: 51d358bb47aa634f6ea31fa78b12f157 -> a54b372f3f1a99bd84bb5176830b3859
  custom:container-demuxer-webm: 4f35f7cbe854078d1ac9338744f61a02 -> 
  custom:scripting/monoscript/fileName/ShipController.cs: 7c2e474d900e5a9fc103c909d0aad6d6 -> 31d94b7844fa2d8546e0c89375a96a8a
  custom:scripting/monoscript/fileName/DetectCollisions.cs: eb342e8e0bb394fa52f8be56c62dfe0b -> 
  custom:scripting/monoscript/fileName/SnakeController.cs: db092ad556dc7aa3edb49567af6708ce -> bba58bf264c3aea38476c7ab4435b264
  custom:scripting/monoscript/fileName/QuotaManager.cs: bc437f4a3ffec3b297c680d75ec246aa -> 4add3e733c4b01188bb9af3472ce2929
  custom:scripting/monoscript/fileName/PlayAudio.cs: 37679228bc3b1e581f65f4ee8e336936 -> 26d2f0b0d103300b536e7c05faf52e73
  custom:scripting/monoscript/fileName/PlayNowButton.cs: 94b84ce5de54e0f805ae85b2f7036c0c -> 82650212eef756784afd1b30cb6bafc7
  custom:container-muxer-webm: aa71ff27fc2769a1b78a27578f13a17b -> 
  custom:video-decoder-webm-vp8: 9c59270c3fd7afecdb556c50c9e8de78 -> 
  custom:scripting/monoscript/fileName/FollowShip.cs: c265513ed03c090677e0755dfee189a7 -> e19132c6c4ed086055ca9f1dd4d5b679
  custom:scripting/monoscript/fileName/ShopLogic.cs: 6f59e1e1a102119cf507c2e16ba527bf -> 0a55194a84c57a9856a88a87da7edd3c
  custom:SearchIndexIgnoredProperties: e643bd26f0fe6173181afceb89e7c659 -> 
  custom:AudioImporter_EditorPlatform: d09bf68614088b80899f8185d706f6e7 -> 
  custom:scripting/monoscript/fileName/TimerScript.cs: dedd7936fe5c52254d74b274887b18f4 -> 
  custom:scripting/monoscript/fileName/MinigameLeave.cs: 82514fd2b337b0a25b19c38fa01f118d -> f036759b4069f26dd0e4ac516580b136
  custom:video-encoder-webm-vp8: eb34c28f22e8b96e1ab97ce403110664 -> 
  custom:audio-decoder-ogg-vorbis: bf7c407c2cedff20999df2af8eb42d56 -> 
  custom:audio-encoder-webm-vorbis: bf7c407c2cedff20999df2af8eb42d56 -> 
  custom:scripting/monoscript/fileName/ScoreManager.cs: 8bf37ad2a0e5ee64fa29f25e7049ed24 -> 2117df56b7ba23abd331d761e713022a
  custom:scripting/monoscript/fileName/PlayerIslandCollision.cs: 0dc297039b5257d98ea49e9c08d613a6 -> b865b0c01cbc489022b583e0039dac6b
  custom:scripting/monoscript/fileName/BackButton.cs: 5045ddd7855007166b45e6ec36b7e64f -> 
========================================================================
Received Import Request.
  Time since last request: 15055.440416 seconds.
  path: Assets/Scenes/Game.unity
  artifactKey: Guid(5831e96ce86e9724194e9a312d600fc2) Importer(815301076,1909f56bfc062723c751e8b465ee728b)
Start importing Assets/Scenes/Game.unity using Guid(5831e96ce86e9724194e9a312d600fc2) Importer(815301076,1909f56bfc062723c751e8b465ee728b) [PhysX] Initialized MultithreadedTaskDispatcher with 24 workers.
 -> (artifact id: 'd605c827c21982bca4febb92ff321586') in 0.002011 seconds
Number of updated asset objects reloaded before import = 0
Number of asset objects unloaded after import = 0
========================================================================
Received Import Request.
  Time since last request: 7.780105 seconds.
  path: Assets/Scenes/Minigame.unity
  artifactKey: Guid(af141c908cb0bf045b2a1b1543aeb9fe) Importer(815301076,1909f56bfc062723c751e8b465ee728b)
Start importing Assets/Scenes/Minigame.unity using Guid(af141c908cb0bf045b2a1b1543aeb9fe) Importer(815301076,1909f56bfc062723c751e8b465ee728b) [PhysX] Initialized MultithreadedTaskDispatcher with 24 workers.
 -> (artifact id: '687721dc3dab89cab21d80f3b9cabc1c') in 0.000553 seconds
Number of updated asset objects reloaded before import = 0
Number of asset objects unloaded after import = 0
========================================================================
Received Import Request.
  Time since last request: 18.187999 seconds.
  path: Assets/Scenes/Minigame.unity
  artifactKey: Guid(af141c908cb0bf045b2a1b1543aeb9fe) Importer(815301076,1909f56bfc062723c751e8b465ee728b)
Start importing Assets/Scenes/Minigame.unity using Guid(af141c908cb0bf045b2a1b1543aeb9fe) Importer(815301076,1909f56bfc062723c751e8b465ee728b) [PhysX] Initialized MultithreadedTaskDispatcher with 24 workers.
 -> (artifact id: '50a174962141edc62de9cc68d60291d9') in 0.000542 seconds
Number of updated asset objects reloaded before import = 0
Number of asset objects unloaded after import = 0
========================================================================
Received Prepare
Caller must complete domain reload
Begin MonoManager ReloadAssembly
- Loaded All Assemblies, in  0.422 seconds
Native extension for WindowsStandalone target not found
Native extension for WebGL target not found
[Package Manager] Server::EnsureServerProcessIsRunning -- launch failed, reason: Unity was launched with the -noUpm command-line argument
[Package Manager] UpmClient::Send -- Unable to send message (not connected to UPM process).
[Package Manager] Cannot connect to Unity Package Manager local server
Mono: successfully reloaded assembly
- Finished resetting the current domain, in  1.049 seconds
Domain Reload Profiling: 1471ms
	BeginReloadAssembly (167ms)
		ExecutionOrderSort (0ms)
		DisableScriptedObjects (5ms)
		BackupInstance (0ms)
		ReleaseScriptingObjects (0ms)
		CreateAndSetChildDomain (36ms)
	RebuildCommonClasses (32ms)
	RebuildNativeTypeToScriptingClass (11ms)
	initialDomainReloadingComplete (22ms)
	LoadAllAssembliesAndSetupDomain (189ms)
		LoadAssemblies (274ms)
		RebuildTransferFunctionScriptingTraits (0ms)
		AnalyzeDomain (14ms)
			TypeCache.Refresh (6ms)
				TypeCache.ScanAssembly (0ms)
			ScanForSourceGeneratedMonoScriptInfo (0ms)
			ResolveRequiredComponents (6ms)
	FinalizeReload (1049ms)
		ReleaseScriptCaches (0ms)
		RebuildScriptCaches (0ms)
		SetupLoadedEditorAssemblies (565ms)
			LogAssemblyErrors (0ms)
			InitializePlatformSupportModulesInManaged (6ms)
			SetLoadedEditorAssemblies (4ms)
			RefreshPlugins (0ms)
			BeforeProcessingInitializeOnLoad (55ms)
			ProcessInitializeOnLoadAttributes (479ms)
			ProcessInitializeOnLoadMethodAttributes (20ms)
			AfterProcessingInitializeOnLoad (2ms)
			EditorAssembliesLoaded (0ms)
		ExecutionOrderSort2 (0ms)
		AwakeInstancesAfterBackupRestoration (7ms)
Failed to load shader (instanceID 438, GUID 16516895e8a79bf49a6562c3c3b84cbf)
Refreshing native plugins compatible for Editor in 4.89 ms, found 5 plugins.
Preloading 0 native plugins for Editor in 0.00 ms.
Unloading 3145 Unused Serialized files (Serialized files now loaded: 0)
Unloading 15 unused Assets / (29.0 KB). Loaded Objects now: 3644.
Memory consumption went from 121.7 MB to 121.7 MB.
Total: 4.058000 ms (FindLiveObjects: 0.439200 ms CreateObjectMapping: 0.098300 ms MarkObjects: 3.440700 ms  DeleteObjects: 0.078300 ms)

Prepare: number of updated asset objects reloaded= 0
AssetImportParameters requested are different than current active one (requested -> active):
  custom:container-demuxer-ogg: 62fdf1f143b41e24485cea50d1cbac27 -> 
  custom:scripting/monoscript/fileName/IslandTrigger.cs: 9fe511e697ec51f557d4eb0e93aee3f7 -> c0db5b0d6de8b9282e71c84cdc1e125d
  custom:scripting/monoscript/fileName/GeneratePlane.cs: 54b0667be7f5169250048917380e57c8 -> 02734e476bfabc22a776af7c0e2dd2b3
  custom:scripting/monoscript/fileName/MonkeyController.cs: 8ceb121568d5ff39f0903d7cffa6b580 -> 
  custom:video-codec-MediaFoundation-h265: 746d11721c4dcdbdad8f713fa42b33f4 -> 
  custom:scripting/monoscript/fileName/ResourceManager.cs: f7339a673bbcbec696b2ca4255f14e89 -> 276d978ad18a8ddc8097f1c2dfc9a801
  custom:video-decoder-ogg-theora: a1e56fd34408186e4bbccfd4996cb3dc -> 
  custom:framework-win-MediaFoundation: 216162199b28c13a410421893ffa2e32 -> 
  custom:scripting/monoscript/fileName/Food.cs: 63cfd1331dc4d79af79a63aa721c7ba3 -> 1c995352f14a39daf415280a2fb9ac41
  custom:scripting/monoscript/fileName/Light_Fader.cs: 5ccd368305bc27d6e71439d6cb9738ab -> 
  custom:scripting/monoscript/fileName/LowPolyWater.cs: 1f89e58618ecefb63d14d008006b5b61 -> ffc71ec08f6917cf4aa5eaa4b3ada4e7
  custom:scripting/monoscript/fileName/FoodSpawnManager.cs: 4b4c276e353ecf242c8b6a17fe34fb04 -> f8cacff8d87d3c8a8541d8231b861b30
  custom:scripting/monoscript/fileName/GameOverUI.cs: d1ec86c37abccebf11226d792f522b3c -> 204dcc333de1c17b944f34fa4337dc40
  custom:CustomObjectIndexerAttribute: 9a22284fe3817be447336de3de66b15e -> 
  custom:scripting/monoscript/fileName/ShopTrigger.cs: 3e1d9f52b3992d40c749f5557499527a -> 7fc8dd6b935e60732d91b95242830fcf
  custom:scripting/monoscript/fileName/DemoScript.cs: 51d358bb47aa634f6ea31fa78b12f157 -> a54b372f3f1a99bd84bb5176830b3859
  custom:container-demuxer-webm: 4f35f7cbe854078d1ac9338744f61a02 -> 
  custom:scripting/monoscript/fileName/ShipController.cs: 7c2e474d900e5a9fc103c909d0aad6d6 -> 31d94b7844fa2d8546e0c89375a96a8a
  custom:scripting/monoscript/fileName/DetectCollisions.cs: eb342e8e0bb394fa52f8be56c62dfe0b -> 
  custom:scripting/monoscript/fileName/SnakeController.cs: db092ad556dc7aa3edb49567af6708ce -> bba58bf264c3aea38476c7ab4435b264
  custom:scripting/monoscript/fileName/QuotaManager.cs: bc437f4a3ffec3b297c680d75ec246aa -> 4add3e733c4b01188bb9af3472ce2929
  custom:scripting/monoscript/fileName/PlayAudio.cs: 37679228bc3b1e581f65f4ee8e336936 -> 26d2f0b0d103300b536e7c05faf52e73
  custom:scripting/monoscript/fileName/PlayNowButton.cs: 94b84ce5de54e0f805ae85b2f7036c0c -> 82650212eef756784afd1b30cb6bafc7
  custom:container-muxer-webm: aa71ff27fc2769a1b78a27578f13a17b -> 
  custom:video-decoder-webm-vp8: 9c59270c3fd7afecdb556c50c9e8de78 -> 
  custom:scripting/monoscript/fileName/FollowShip.cs: c265513ed03c090677e0755dfee189a7 -> e19132c6c4ed086055ca9f1dd4d5b679
  custom:scripting/monoscript/fileName/ShopLogic.cs: 6f59e1e1a102119cf507c2e16ba527bf -> 0a55194a84c57a9856a88a87da7edd3c
  custom:SearchIndexIgnoredProperties: e643bd26f0fe6173181afceb89e7c659 -> 
  custom:AudioImporter_EditorPlatform: d09bf68614088b80899f8185d706f6e7 -> 
  custom:scripting/monoscript/fileName/TimerScript.cs: dedd7936fe5c52254d74b274887b18f4 -> 
  custom:scripting/monoscript/fileName/MinigameLeave.cs: 82514fd2b337b0a25b19c38fa01f118d -> f036759b4069f26dd0e4ac516580b136
  custom:video-encoder-webm-vp8: eb34c28f22e8b96e1ab97ce403110664 -> 
  custom:audio-decoder-ogg-vorbis: bf7c407c2cedff20999df2af8eb42d56 -> 
  custom:audio-encoder-webm-vorbis: bf7c407c2cedff20999df2af8eb42d56 -> 
  custom:scripting/monoscript/fileName/ScoreManager.cs: 8bf37ad2a0e5ee64fa29f25e7049ed24 -> 2117df56b7ba23abd331d761e713022a
  custom:scripting/monoscript/fileName/PlayerIslandCollision.cs: 0dc297039b5257d98ea49e9c08d613a6 -> b865b0c01cbc489022b583e0039dac6b
  custom:scripting/monoscript/fileName/BackButton.cs: 5045ddd7855007166b45e6ec36b7e64f -> 
========================================================================
Received Prepare
Caller must complete domain reload
Begin MonoManager ReloadAssembly
- Loaded All Assemblies, in  0.418 seconds
Native extension for WindowsStandalone target not found
Native extension for WebGL target not found
[Package Manager] Server::EnsureServerProcessIsRunning -- launch failed, reason: Unity was launched with the -noUpm command-line argument
[Package Manager] UpmClient::Send -- Unable to send message (not connected to UPM process).
[Package Manager] Cannot connect to Unity Package Manager local server
Mono: successfully reloaded assembly
- Finished resetting the current domain, in  1.014 seconds
Domain Reload Profiling: 1432ms
	BeginReloadAssembly (168ms)
		ExecutionOrderSort (0ms)
		DisableScriptedObjects (6ms)
		BackupInstance (0ms)
		ReleaseScriptingObjects (0ms)
		CreateAndSetChildDomain (34ms)
	RebuildCommonClasses (35ms)
	RebuildNativeTypeToScriptingClass (12ms)
	initialDomainReloadingComplete (24ms)
	LoadAllAssembliesAndSetupDomain (178ms)
		LoadAssemblies (266ms)
		RebuildTransferFunctionScriptingTraits (0ms)
		AnalyzeDomain (13ms)
			TypeCache.Refresh (6ms)
				TypeCache.ScanAssembly (0ms)
			ScanForSourceGeneratedMonoScriptInfo (0ms)
			ResolveRequiredComponents (6ms)
	FinalizeReload (1015ms)
		ReleaseScriptCaches (0ms)
		RebuildScriptCaches (0ms)
		SetupLoadedEditorAssemblies (525ms)
			LogAssemblyErrors (0ms)
			InitializePlatformSupportModulesInManaged (5ms)
			SetLoadedEditorAssemblies (5ms)
			RefreshPlugins (0ms)
			BeforeProcessingInitializeOnLoad (50ms)
			ProcessInitializeOnLoadAttributes (441ms)
			ProcessInitializeOnLoadMethodAttributes (22ms)
			AfterProcessingInitializeOnLoad (2ms)
			EditorAssembliesLoaded (0ms)
		ExecutionOrderSort2 (0ms)
		AwakeInstancesAfterBackupRestoration (7ms)
Failed to load shader (instanceID 438, GUID 16516895e8a79bf49a6562c3c3b84cbf)
Refreshing native plugins compatible for Editor in 3.66 ms, found 5 plugins.
Preloading 0 native plugins for Editor in 0.00 ms.
Unloading 3146 Unused Serialized files (Serialized files now loaded: 0)
Unloading 15 unused Assets / (29.0 KB). Loaded Objects now: 3647.
Memory consumption went from 122.0 MB to 121.9 MB.
Total: 4.419900 ms (FindLiveObjects: 0.385900 ms CreateObjectMapping: 0.135500 ms MarkObjects: 3.846400 ms  DeleteObjects: 0.050900 ms)

Prepare: number of updated asset objects reloaded= 0
AssetImportParameters requested are different than current active one (requested -> active):
  custom:container-demuxer-ogg: 62fdf1f143b41e24485cea50d1cbac27 -> 
  custom:scripting/monoscript/fileName/IslandTrigger.cs: 9fe511e697ec51f557d4eb0e93aee3f7 -> c0db5b0d6de8b9282e71c84cdc1e125d
  custom:scripting/monoscript/fileName/GeneratePlane.cs: 54b0667be7f5169250048917380e57c8 -> 02734e476bfabc22a776af7c0e2dd2b3
  custom:scripting/monoscript/fileName/MonkeyController.cs: 8ceb121568d5ff39f0903d7cffa6b580 -> 
  custom:video-codec-MediaFoundation-h265: 746d11721c4dcdbdad8f713fa42b33f4 -> 
  custom:scripting/monoscript/fileName/ResourceManager.cs: f7339a673bbcbec696b2ca4255f14e89 -> 276d978ad18a8ddc8097f1c2dfc9a801
  custom:video-decoder-ogg-theora: a1e56fd34408186e4bbccfd4996cb3dc -> 
  custom:framework-win-MediaFoundation: 216162199b28c13a410421893ffa2e32 -> 
  custom:scripting/monoscript/fileName/Food.cs: 63cfd1331dc4d79af79a63aa721c7ba3 -> 1c995352f14a39daf415280a2fb9ac41
  custom:scripting/monoscript/fileName/Light_Fader.cs: 5ccd368305bc27d6e71439d6cb9738ab -> 
  custom:scripting/monoscript/fileName/LowPolyWater.cs: 1f89e58618ecefb63d14d008006b5b61 -> ffc71ec08f6917cf4aa5eaa4b3ada4e7
  custom:scripting/monoscript/fileName/FoodSpawnManager.cs: 4b4c276e353ecf242c8b6a17fe34fb04 -> f8cacff8d87d3c8a8541d8231b861b30
  custom:scripting/monoscript/fileName/GameOverUI.cs: d1ec86c37abccebf11226d792f522b3c -> 204dcc333de1c17b944f34fa4337dc40
  custom:CustomObjectIndexerAttribute: 9a22284fe3817be447336de3de66b15e -> 
  custom:scripting/monoscript/fileName/ShopTrigger.cs: 3e1d9f52b3992d40c749f5557499527a -> 7fc8dd6b935e60732d91b95242830fcf
  custom:scripting/monoscript/fileName/DemoScript.cs: 51d358bb47aa634f6ea31fa78b12f157 -> a54b372f3f1a99bd84bb5176830b3859
  custom:container-demuxer-webm: 4f35f7cbe854078d1ac9338744f61a02 -> 
  custom:scripting/monoscript/fileName/ShipController.cs: 7c2e474d900e5a9fc103c909d0aad6d6 -> 31d94b7844fa2d8546e0c89375a96a8a
  custom:scripting/monoscript/fileName/DetectCollisions.cs: eb342e8e0bb394fa52f8be56c62dfe0b -> 
  custom:scripting/monoscript/fileName/SnakeController.cs: db092ad556dc7aa3edb49567af6708ce -> bba58bf264c3aea38476c7ab4435b264
  custom:scripting/monoscript/fileName/QuotaManager.cs: bc437f4a3ffec3b297c680d75ec246aa -> 4add3e733c4b01188bb9af3472ce2929
  custom:scripting/monoscript/fileName/PlayAudio.cs: 37679228bc3b1e581f65f4ee8e336936 -> 26d2f0b0d103300b536e7c05faf52e73
  custom:scripting/monoscript/fileName/PlayNowButton.cs: 94b84ce5de54e0f805ae85b2f7036c0c -> 82650212eef756784afd1b30cb6bafc7
  custom:container-muxer-webm: aa71ff27fc2769a1b78a27578f13a17b -> 
  custom:video-decoder-webm-vp8: 9c59270c3fd7afecdb556c50c9e8de78 -> 
  custom:scripting/monoscript/fileName/FollowShip.cs: c265513ed03c090677e0755dfee189a7 -> e19132c6c4ed086055ca9f1dd4d5b679
  custom:scripting/monoscript/fileName/ShopLogic.cs: 6f59e1e1a102119cf507c2e16ba527bf -> 0a55194a84c57a9856a88a87da7edd3c
  custom:SearchIndexIgnoredProperties: e643bd26f0fe6173181afceb89e7c659 -> 
  custom:AudioImporter_EditorPlatform: d09bf68614088b80899f8185d706f6e7 -> 
  custom:scripting/monoscript/fileName/TimerScript.cs: dedd7936fe5c52254d74b274887b18f4 -> 
  custom:scripting/monoscript/fileName/MinigameLeave.cs: 82514fd2b337b0a25b19c38fa01f118d -> f036759b4069f26dd0e4ac516580b136
  custom:video-encoder-webm-vp8: eb34c28f22e8b96e1ab97ce403110664 -> 
  custom:audio-decoder-ogg-vorbis: bf7c407c2cedff20999df2af8eb42d56 -> 
  custom:audio-encoder-webm-vorbis: bf7c407c2cedff20999df2af8eb42d56 -> 
  custom:scripting/monoscript/fileName/ScoreManager.cs: 8bf37ad2a0e5ee64fa29f25e7049ed24 -> 2117df56b7ba23abd331d761e713022a
  custom:scripting/monoscript/fileName/PlayerIslandCollision.cs: 0dc297039b5257d98ea49e9c08d613a6 -> b865b0c01cbc489022b583e0039dac6b
  custom:scripting/monoscript/fileName/BackButton.cs: 5045ddd7855007166b45e6ec36b7e64f -> 
========================================================================
Received Prepare
Caller must complete domain reload
Begin MonoManager ReloadAssembly
- Loaded All Assemblies, in  0.419 seconds
Native extension for WindowsStandalone target not found
Native extension for WebGL target not found
[Package Manager] Server::EnsureServerProcessIsRunning -- launch failed, reason: Unity was launched with the -noUpm command-line argument
[Package Manager] UpmClient::Send -- Unable to send message (not connected to UPM process).
[Package Manager] Cannot connect to Unity Package Manager local server
Mono: successfully reloaded assembly
- Finished resetting the current domain, in  1.094 seconds
Domain Reload Profiling: 1514ms
	BeginReloadAssembly (167ms)
		ExecutionOrderSort (0ms)
		DisableScriptedObjects (5ms)
		BackupInstance (0ms)
		ReleaseScriptingObjects (0ms)
		CreateAndSetChildDomain (36ms)
	RebuildCommonClasses (33ms)
	RebuildNativeTypeToScriptingClass (12ms)
	initialDomainReloadingComplete (22ms)
	LoadAllAssembliesAndSetupDomain (185ms)
		LoadAssemblies (265ms)
		RebuildTransferFunctionScriptingTraits (0ms)
		AnalyzeDomain (18ms)
			TypeCache.Refresh (8ms)
				TypeCache.ScanAssembly (0ms)
			ScanForSourceGeneratedMonoScriptInfo (0ms)
			ResolveRequiredComponents (8ms)
	FinalizeReload (1095ms)
		ReleaseScriptCaches (0ms)
		RebuildScriptCaches (0ms)
		SetupLoadedEditorAssemblies (601ms)
			LogAssemblyErrors (0ms)
			InitializePlatformSupportModulesInManaged (5ms)
			SetLoadedEditorAssemblies (4ms)
			RefreshPlugins (0ms)
			BeforeProcessingInitializeOnLoad (51ms)
			ProcessInitializeOnLoadAttributes (516ms)
			ProcessInitializeOnLoadMethodAttributes (22ms)
			AfterProcessingInitializeOnLoad (3ms)
			EditorAssembliesLoaded (0ms)
		ExecutionOrderSort2 (0ms)
		AwakeInstancesAfterBackupRestoration (9ms)
Failed to load shader (instanceID 438, GUID 16516895e8a79bf49a6562c3c3b84cbf)
Refreshing native plugins compatible for Editor in 3.89 ms, found 5 plugins.
Preloading 0 native plugins for Editor in 0.00 ms.
Unloading 3146 Unused Serialized files (Serialized files now loaded: 0)
Unloading 15 unused Assets / (29.0 KB). Loaded Objects now: 3650.
Memory consumption went from 122.0 MB to 121.9 MB.
Total: 4.125000 ms (FindLiveObjects: 0.346700 ms CreateObjectMapping: 0.095400 ms MarkObjects: 3.630800 ms  DeleteObjects: 0.050900 ms)

Prepare: number of updated asset objects reloaded= 0
AssetImportParameters requested are different than current active one (requested -> active):
  custom:container-demuxer-ogg: 62fdf1f143b41e24485cea50d1cbac27 -> 
  custom:scripting/monoscript/fileName/IslandTrigger.cs: 9fe511e697ec51f557d4eb0e93aee3f7 -> c0db5b0d6de8b9282e71c84cdc1e125d
  custom:scripting/monoscript/fileName/GeneratePlane.cs: 54b0667be7f5169250048917380e57c8 -> 02734e476bfabc22a776af7c0e2dd2b3
  custom:scripting/monoscript/fileName/MonkeyController.cs: 8ceb121568d5ff39f0903d7cffa6b580 -> 
  custom:video-codec-MediaFoundation-h265: 746d11721c4dcdbdad8f713fa42b33f4 -> 
  custom:scripting/monoscript/fileName/ResourceManager.cs: f7339a673bbcbec696b2ca4255f14e89 -> 276d978ad18a8ddc8097f1c2dfc9a801
  custom:video-decoder-ogg-theora: a1e56fd34408186e4bbccfd4996cb3dc -> 
  custom:framework-win-MediaFoundation: 216162199b28c13a410421893ffa2e32 -> 
  custom:scripting/monoscript/fileName/Food.cs: 63cfd1331dc4d79af79a63aa721c7ba3 -> 1c995352f14a39daf415280a2fb9ac41
  custom:scripting/monoscript/fileName/Light_Fader.cs: 5ccd368305bc27d6e71439d6cb9738ab -> 
  custom:scripting/monoscript/fileName/LowPolyWater.cs: 1f89e58618ecefb63d14d008006b5b61 -> ffc71ec08f6917cf4aa5eaa4b3ada4e7
  custom:scripting/monoscript/fileName/FoodSpawnManager.cs: 4b4c276e353ecf242c8b6a17fe34fb04 -> f8cacff8d87d3c8a8541d8231b861b30
  custom:scripting/monoscript/fileName/GameOverUI.cs: d1ec86c37abccebf11226d792f522b3c -> 204dcc333de1c17b944f34fa4337dc40
  custom:CustomObjectIndexerAttribute: 9a22284fe3817be447336de3de66b15e -> 
  custom:scripting/monoscript/fileName/ShopTrigger.cs: 3e1d9f52b3992d40c749f5557499527a -> 7fc8dd6b935e60732d91b95242830fcf
  custom:scripting/monoscript/fileName/DemoScript.cs: 51d358bb47aa634f6ea31fa78b12f157 -> a54b372f3f1a99bd84bb5176830b3859
  custom:container-demuxer-webm: 4f35f7cbe854078d1ac9338744f61a02 -> 
  custom:scripting/monoscript/fileName/ShipController.cs: 7c2e474d900e5a9fc103c909d0aad6d6 -> 31d94b7844fa2d8546e0c89375a96a8a
  custom:scripting/monoscript/fileName/DetectCollisions.cs: eb342e8e0bb394fa52f8be56c62dfe0b -> 
  custom:scripting/monoscript/fileName/SnakeController.cs: db092ad556dc7aa3edb49567af6708ce -> bba58bf264c3aea38476c7ab4435b264
  custom:scripting/monoscript/fileName/QuotaManager.cs: bc437f4a3ffec3b297c680d75ec246aa -> 4add3e733c4b01188bb9af3472ce2929
  custom:scripting/monoscript/fileName/PlayAudio.cs: 37679228bc3b1e581f65f4ee8e336936 -> 26d2f0b0d103300b536e7c05faf52e73
  custom:scripting/monoscript/fileName/PlayNowButton.cs: 94b84ce5de54e0f805ae85b2f7036c0c -> 82650212eef756784afd1b30cb6bafc7
  custom:container-muxer-webm: aa71ff27fc2769a1b78a27578f13a17b -> 
  custom:video-decoder-webm-vp8: 9c59270c3fd7afecdb556c50c9e8de78 -> 
  custom:scripting/monoscript/fileName/FollowShip.cs: c265513ed03c090677e0755dfee189a7 -> e19132c6c4ed086055ca9f1dd4d5b679
  custom:scripting/monoscript/fileName/ShopLogic.cs: 6f59e1e1a102119cf507c2e16ba527bf -> 0a55194a84c57a9856a88a87da7edd3c
  custom:SearchIndexIgnoredProperties: e643bd26f0fe6173181afceb89e7c659 -> 
  custom:AudioImporter_EditorPlatform: d09bf68614088b80899f8185d706f6e7 -> 
  custom:scripting/monoscript/fileName/TimerScript.cs: dedd7936fe5c52254d74b274887b18f4 -> 
  custom:scripting/monoscript/fileName/MinigameLeave.cs: 82514fd2b337b0a25b19c38fa01f118d -> f036759b4069f26dd0e4ac516580b136
  custom:video-encoder-webm-vp8: eb34c28f22e8b96e1ab97ce403110664 -> 
  custom:audio-decoder-ogg-vorbis: bf7c407c2cedff20999df2af8eb42d56 -> 
  custom:audio-encoder-webm-vorbis: bf7c407c2cedff20999df2af8eb42d56 -> 
  custom:scripting/monoscript/fileName/ScoreManager.cs: 8bf37ad2a0e5ee64fa29f25e7049ed24 -> 2117df56b7ba23abd331d761e713022a
  custom:scripting/monoscript/fileName/PlayerIslandCollision.cs: 0dc297039b5257d98ea49e9c08d613a6 -> b865b0c01cbc489022b583e0039dac6b
  custom:scripting/monoscript/fileName/BackButton.cs: 5045ddd7855007166b45e6ec36b7e64f -> 
========================================================================
Received Import Request.
  Time since last request: 126.474950 seconds.
  path: Assets/TextMesh Pro/Examples & Extras/Resources/Fonts & Materials/Anton SDF.asset
  artifactKey: Guid(8a89fa14b10d46a99122fd4f73fca9a2) Importer(815301076,1909f56bfc062723c751e8b465ee728b)
Start importing Assets/TextMesh Pro/Examples & Extras/Resources/Fonts & Materials/Anton SDF.asset using Guid(8a89fa14b10d46a99122fd4f73fca9a2) Importer(815301076,1909f56bfc062723c751e8b465ee728b) [PhysX] Initialized MultithreadedTaskDispatcher with 24 workers.
[PhysX] Initialized MultithreadedTaskDispatcher with 24 workers.
[PhysX] Initialized MultithreadedTaskDispatcher with 24 workers.
 -> (artifact id: 'd5fda68eb7b1d19f34dfbf49da16d083') in 0.144391 seconds
Number of updated asset objects reloaded before import = 0
Number of asset objects unloaded after import = 6
========================================================================
Received Import Request.
  Time since last request: 0.000047 seconds.
  path: Assets/TextMesh Pro/Resources/Fonts & Materials/Poppins-Light SDF.asset
  artifactKey: Guid(8cab06e28f7a58d4e9c44d29ec721920) Importer(815301076,1909f56bfc062723c751e8b465ee728b)
Start importing Assets/TextMesh Pro/Resources/Fonts & Materials/Poppins-Light SDF.asset using Guid(8cab06e28f7a58d4e9c44d29ec721920) Importer(815301076,1909f56bfc062723c751e8b465ee728b) [PhysX] Initialized MultithreadedTaskDispatcher with 24 workers.
[PhysX] Initialized MultithreadedTaskDispatcher with 24 workers.
[PhysX] Initialized MultithreadedTaskDispatcher with 24 workers.
 -> (artifact id: '48d55a5a50a538a6f178f9c66351c02f') in 0.056446 seconds
Number of updated asset objects reloaded before import = 0
Number of asset objects unloaded after import = 6
========================================================================
Received Import Request.
  Time since last request: 0.000035 seconds.
  path: Assets/TextMesh Pro/Resources/Fonts & Materials/LiberationSans SDF.asset
  artifactKey: Guid(8f586378b4e144a9851e7b34d9b748ee) Importer(815301076,1909f56bfc062723c751e8b465ee728b)
Start importing Assets/TextMesh Pro/Resources/Fonts & Materials/LiberationSans SDF.asset using Guid(8f586378b4e144a9851e7b34d9b748ee) Importer(815301076,1909f56bfc062723c751e8b465ee728b) [PhysX] Initialized MultithreadedTaskDispatcher with 24 workers.
[PhysX] Initialized MultithreadedTaskDispatcher with 24 workers.
[PhysX] Initialized MultithreadedTaskDispatcher with 24 workers.
 -> (artifact id: 'bfd94c44677a1d9fb4989698eb937f73') in 0.033476 seconds
Number of updated asset objects reloaded before import = 0
Number of asset objects unloaded after import = 9
Editor requested this worker to shutdown with reason: Scaling down because of idle timeout
TcpMessagingSession - receive error: operation aborted. errorcode: 995, details: The I/O operation has been aborted because of either a thread exit or an application request.
AssetImportWorker is now disconnected from the server
Process exiting
Exiting without the bug reporter. Application will terminate with return code 0